WARN [12-30|01:26:46] No etherbase set and no accounts found as default 
INFO [12-30|01:26:46] Starting peer-to-peer node               instance=Geth/v1.7.3-stable/darwin-amd64/go1.9.2
INFO [12-30|01:26:46] Allocated cache and file handles         database=/Users/trmr/Dropbox/CTF/2017/34C3/chaingang/livenet_data/geth/chaindata cache=128 handles=1024
WARN [12-30|01:26:46] Upgrading database to use lookup entries 
INFO [12-30|01:26:46] Database deduplication successful        deduped=0
INFO [12-30|01:26:46] Initialised chain configuration          config="{ChainID: <nil> Homestead: <nil> DAO: <nil> DAOSupport: false EIP150: <nil> EIP155: <nil> EIP158: <nil> Byzantium: <nil> Engine: unknown}"
INFO [12-30|01:26:46] Disk storage enabled for ethash caches   dir=/Users/trmr/Dropbox/CTF/2017/34C3/chaingang/livenet_data/geth/ethash count=3
INFO [12-30|01:26:46] Disk storage enabled for ethash DAGs     dir=/Users/trmr/.ethash                                                  count=2
INFO [12-30|01:26:46] Initialising Ethereum protocol           versions="[63 62]" network=1
INFO [12-30|01:26:46] Loaded most recent local header          number=0 hash=6231b0…a0300b td=1024
INFO [12-30|01:26:46] Loaded most recent local full block      number=0 hash=6231b0…a0300b td=1024
INFO [12-30|01:26:46] Loaded most recent local fast block      number=0 hash=6231b0…a0300b td=1024
INFO [12-30|01:26:46] Regenerated local transaction journal    transactions=0 accounts=0
INFO [12-30|01:26:46] Starting P2P networking 
INFO [12-30|01:26:49] UDP listener up                          self=enode://c6af2dd2b55b180198d4fe1ddcf876b28f3a67d72adfb2e1bea113b2e9c920dfa608486ff86680f1c88d309a235940a0138c01927606e4f3656e5a5d4da7ed67@[::]:30303
INFO [12-30|01:26:49] RLPx listener up                         self=enode://c6af2dd2b55b180198d4fe1ddcf876b28f3a67d72adfb2e1bea113b2e9c920dfa608486ff86680f1c88d309a235940a0138c01927606e4f3656e5a5d4da7ed67@[::]:30303
INFO [12-30|01:26:49] IPC endpoint opened: /Users/trmr/Dropbox/CTF/2017/34C3/chaingang/livenet_data/geth.ipc 
INFO [12-30|01:29:05] Got interrupt, shutting down... 
INFO [12-30|01:29:05] IPC endpoint closed: /Users/trmr/Dropbox/CTF/2017/34C3/chaingang/livenet_data/geth.ipc 
INFO [12-30|01:29:05] Blockchain manager stopped 
INFO [12-30|01:29:05] Stopping Ethereum protocol 
INFO [12-30|01:29:05] Ethereum protocol stopped 
INFO [12-30|01:29:05] Transaction pool stopped 
INFO [12-30|01:29:05] Database closed                          database=/Users/trmr/Dropbox/CTF/2017/34C3/chaingang/livenet_data/geth/chaindata
